<?xml version="1.0" encoding="UTF-8"?>
<!-- Generated by org.testng.reporters.JUnitXMLReporter -->
<testsuite ignored="0" hostname="LAPTOP-KA5SCLD6" failures="0" tests="4" name="Default test" time="10.606" errors="0" timestamp="2023-02-05T23:13:19 IST">
  <testcase classname="com.test.TestUser" name="testCreateUser" time="3.789"/>
  <testcase classname="com.test.TestUser" name="testGetUser" time="1.477"/>
  <testcase classname="com.test.TestUser" name="testUpdateUser" time="2.974"/>
  <testcase classname="com.test.TestUser" name="testDeleteUser" time="1.524"/>
</testsuite> <!-- Default test -->
