<?xml version="1.0" encoding="UTF-8"?>
<!-- Generated by org.testng.reporters.JUnitXMLReporter -->
<testsuite ignored="0" hostname="LAPTOP-KA5SCLD6" failures="3" tests="10" name="Test" time="20.52" errors="0" timestamp="2023-02-05T23:27:30 IST">
  <testcase classname="com.test.DDTests" name="testPostuser" time="3.338"/>
  <testcase classname="com.test.DDTests" name="testPostuser" time="1.58"/>
  <testcase classname="com.test.DDTests" name="testPostuser" time="1.406"/>
  <testcase classname="com.test.DDTests" name="testDeleteUserByName" time="1.581">
    <failure type="java.lang.AssertionError" message="expected [200] but found [404]">
      <![CDATA[java.lang.AssertionError: expected [200] but found [404]
at com.test.DDTests.testDeleteUserByName(DDTests.java:36)
at java.base/java.util.ArrayList.forEach(ArrayList.java:1511)
... Removed 32 stack frames]]>
    </failure>
  </testcase> <!-- testDeleteUserByName -->
  <testcase classname="com.test.DDTests" name="testDeleteUserByName" time="1.47">
    <failure type="java.lang.AssertionError" message="expected [200] but found [404]">
      <![CDATA[java.lang.AssertionError: expected [200] but found [404]
at com.test.DDTests.testDeleteUserByName(DDTests.java:36)
at java.base/java.util.ArrayList.forEach(ArrayList.java:1511)
... Removed 32 stack frames]]>
    </failure>
  </testcase> <!-- testDeleteUserByName -->
  <testcase classname="com.test.DDTests" name="testDeleteUserByName" time="1.592">
    <failure type="java.lang.AssertionError" message="expected [200] but found [404]">
      <![CDATA[java.lang.AssertionError: expected [200] but found [404]
at com.test.DDTests.testDeleteUserByName(DDTests.java:36)
at java.base/java.util.ArrayList.forEach(ArrayList.java:1511)
... Removed 32 stack frames]]>
    </failure>
  </testcase> <!-- testDeleteUserByName -->
  <testcase classname="com.test.TestUser" name="testCreateUser" time="1.545"/>
  <testcase classname="com.test.TestUser" name="testGetUser" time="1.366"/>
  <testcase classname="com.test.TestUser" name="testUpdateUser" time="2.86"/>
  <testcase classname="com.test.TestUser" name="testDeleteUser" time="1.355"/>
</testsuite> <!-- Test -->
