<?xml version="1.0" encoding="UTF-8"?>
<!-- Generated by org.testng.reporters.JUnitXMLReporter -->
<testsuite ignored="0" hostname="LAPTOP-KA5SCLD6" failures="0" tests="10" name="Test" time="17.857" errors="0" timestamp="2023-02-06T22:46:06 IST">
  <testcase classname="com.test.DDTests" name="testPostuser" time="2.667"/>
  <testcase classname="com.test.DDTests" name="testPostuser" time="1.349"/>
  <testcase classname="com.test.DDTests" name="testPostuser" time="1.386"/>
  <testcase classname="com.test.DDTests" name="testDeleteUserByName" time="1.353"/>
  <testcase classname="com.test.DDTests" name="testDeleteUserByName" time="1.403"/>
  <testcase classname="com.test.DDTests" name="testDeleteUserByName" time="1.345"/>
  <testcase classname="com.test.TestUser" name="testCreateUser" time="1.421"/>
  <testcase classname="com.test.TestUser" name="testGetUser" time="1.348"/>
  <testcase classname="com.test.TestUser" name="testUpdateUser" time="2.713"/>
  <testcase classname="com.test.TestUser" name="testDeleteUser" time="1.336"/>
</testsuite> <!-- Test -->
