<?xml version="1.0" encoding="UTF-8"?>
<testng-results ignored="0" total="10" passed="10" failed="0" skipped="0">
  <reporter-output>
  </reporter-output>
  <suite started-at="2023-02-06T22:45:47 IST" name="Suite" finished-at="2023-02-06T22:46:05 IST" duration-ms="17857">
    <groups>
    </groups>
    <test started-at="2023-02-06T22:45:47 IST" name="Test" finished-at="2023-02-06T22:46:05 IST" duration-ms="17857">
      <class name="com.test.DDTests">
        <test-method signature="testPostuser(java.lang.String,java.lang.String,java.lang.String,java.lang.String,java.lang.String,java.lang.String,java.lang.String)[pri:1, instance:com.test.DDTests@3d74bf60]" started-at="2023-02-06T22:45:49 IST" name="testPostuser" data-provider="Data" finished-at="2023-02-06T22:45:51 IST" duration-ms="2667" status="PASS">
          <params>
            <param index="0">
              <value>
                <![CDATA[10101]]>
              </value>
            </param>
            <param index="1">
              <value>
                <![CDATA[testuser11]]>
              </value>
            </param>
            <param index="2">
              <value>
                <![CDATA[John]]>
              </value>
            </param>
            <param index="3">
              <value>
                <![CDATA[Canedy]]>
              </value>
            </param>
            <param index="4">
              <value>
                <![CDATA[a@gmail.com]]>
              </value>
            </param>
            <param index="5">
              <value>
                <![CDATA[test@1]]>
              </value>
            </param>
            <param index="6">
              <value>
                <![CDATA[1234567897]]>
              </value>
            </param>
          </params>
          <reporter-output>
          </reporter-output>
        </test-method> <!-- testPostuser -->
        <test-method signature="testPostuser(java.lang.String,java.lang.String,java.lang.String,java.lang.String,java.lang.String,java.lang.String,java.lang.String)[pri:1, instance:com.test.DDTests@3d74bf60]" started-at="2023-02-06T22:45:51 IST" name="testPostuser" data-provider="Data" finished-at="2023-02-06T22:45:53 IST" duration-ms="1349" status="PASS">
          <params>
            <param index="0">
              <value>
                <![CDATA[10201]]>
              </value>
            </param>
            <param index="1">
              <value>
                <![CDATA[testuser21]]>
              </value>
            </param>
            <param index="2">
              <value>
                <![CDATA[Kim]]>
              </value>
            </param>
            <param index="3">
              <value>
                <![CDATA[Kom]]>
              </value>
            </param>
            <param index="4">
              <value>
                <![CDATA[b@gmail.com]]>
              </value>
            </param>
            <param index="5">
              <value>
                <![CDATA[test@2]]>
              </value>
            </param>
            <param index="6">
              <value>
                <![CDATA[1234567897]]>
              </value>
            </param>
          </params>
          <reporter-output>
          </reporter-output>
        </test-method> <!-- testPostuser -->
        <test-method signature="testPostuser(java.lang.String,java.lang.String,java.lang.String,java.lang.String,java.lang.String,java.lang.String,java.lang.String)[pri:1, instance:com.test.DDTests@3d74bf60]" started-at="2023-02-06T22:45:53 IST" name="testPostuser" data-provider="Data" finished-at="2023-02-06T22:45:54 IST" duration-ms="1386" status="PASS">
          <params>
            <param index="0">
              <value>
                <![CDATA[10301]]>
              </value>
            </param>
            <param index="1">
              <value>
                <![CDATA[testuser31]]>
              </value>
            </param>
            <param index="2">
              <value>
                <![CDATA[Smith]]>
              </value>
            </param>
            <param index="3">
              <value>
                <![CDATA[Steve]]>
              </value>
            </param>
            <param index="4">
              <value>
                <![CDATA[c@gmail.com]]>
              </value>
            </param>
            <param index="5">
              <value>
                <![CDATA[test@3]]>
              </value>
            </param>
            <param index="6">
              <value>
                <![CDATA[1234567897]]>
              </value>
            </param>
          </params>
          <reporter-output>
          </reporter-output>
        </test-method> <!-- testPostuser -->
        <test-method signature="testDeleteUserByName(java.lang.String)[pri:2, instance:com.test.DDTests@3d74bf60]" started-at="2023-02-06T22:45:54 IST" name="testDeleteUserByName" data-provider="UserNames" finished-at="2023-02-06T22:45:56 IST" duration-ms="1353" status="PASS">
          <params>
            <param index="0">
              <value>
                <![CDATA[testuser11]]>
              </value>
            </param>
          </params>
          <reporter-output>
          </reporter-output>
        </test-method> <!-- testDeleteUserByName -->
        <test-method signature="testDeleteUserByName(java.lang.String)[pri:2, instance:com.test.DDTests@3d74bf60]" started-at="2023-02-06T22:45:56 IST" name="testDeleteUserByName" data-provider="UserNames" finished-at="2023-02-06T22:45:57 IST" duration-ms="1403" status="PASS">
          <params>
            <param index="0">
              <value>
                <![CDATA[testuser21]]>
              </value>
            </param>
          </params>
          <reporter-output>
          </reporter-output>
        </test-method> <!-- testDeleteUserByName -->
        <test-method signature="testDeleteUserByName(java.lang.String)[pri:2, instance:com.test.DDTests@3d74bf60]" started-at="2023-02-06T22:45:57 IST" name="testDeleteUserByName" data-provider="UserNames" finished-at="2023-02-06T22:45:58 IST" duration-ms="1345" status="PASS">
          <params>
            <param index="0">
              <value>
                <![CDATA[testuser31]]>
              </value>
            </param>
          </params>
          <reporter-output>
          </reporter-output>
        </test-method> <!-- testDeleteUserByName -->
      </class> <!-- com.test.DDTests -->
      <class name="com.test.TestUser">
        <test-method is-config="true" signature="setUpData()[pri:0, instance:com.test.TestUser@795cd85e]" started-at="2023-02-06T22:45:58 IST" name="setUpData" finished-at="2023-02-06T22:45:58 IST" duration-ms="164" status="PASS">
          <reporter-output>
          </reporter-output>
        </test-method> <!-- setUpData -->
        <test-method signature="testCreateUser()[pri:1, instance:com.test.TestUser@795cd85e]" started-at="2023-02-06T22:45:58 IST" name="testCreateUser" finished-at="2023-02-06T22:46:00 IST" duration-ms="1421" status="PASS">
          <reporter-output>
          </reporter-output>
        </test-method> <!-- testCreateUser -->
        <test-method signature="testGetUser()[pri:2, instance:com.test.TestUser@795cd85e]" started-at="2023-02-06T22:46:00 IST" name="testGetUser" finished-at="2023-02-06T22:46:01 IST" duration-ms="1348" status="PASS">
          <reporter-output>
          </reporter-output>
        </test-method> <!-- testGetUser -->
        <test-method signature="testUpdateUser()[pri:3, instance:com.test.TestUser@795cd85e]" started-at="2023-02-06T22:46:01 IST" name="testUpdateUser" finished-at="2023-02-06T22:46:04 IST" duration-ms="2713" status="PASS">
          <reporter-output>
          </reporter-output>
        </test-method> <!-- testUpdateUser -->
        <test-method signature="testDeleteUser()[pri:4, instance:com.test.TestUser@795cd85e]" started-at="2023-02-06T22:46:04 IST" name="testDeleteUser" finished-at="2023-02-06T22:46:05 IST" duration-ms="1336" status="PASS">
          <reporter-output>
          </reporter-output>
        </test-method> <!-- testDeleteUser -->
      </class> <!-- com.test.TestUser -->
    </test> <!-- Test -->
  </suite> <!-- Suite -->
</testng-results>
